<?xml version="1.0" encoding="UTF-8"?>
<!-- Generated by org.testng.reporters.JUnitReportReporter -->
<testsuite hostname="LAPTOP-A5D09V8S" failures="0" tests="1" name="tests.ThreeTest" time="9.008" errors="0" timestamp="2025-07-20T23:47:58 IST" skipped="0">
  <testcase classname="tests.ThreeTest" name="testThree" time="9.008"/>
</testsuite> <!-- tests.ThreeTest -->
