<?xml version="1.0" encoding="UTF-8"?>
<!-- Generated by org.testng.reporters.JUnitReportReporter -->
<testsuite hostname="LAPTOP-A5D09V8S" failures="0" tests="1" name="tests.LoginTest" time="8.495" errors="0" timestamp="2025-07-18T16:27:30 IST" skipped="0">
  <testcase classname="tests.LoginTest" name="login" time="8.495"/>
</testsuite> <!-- tests.LoginTest -->
