<?xml version="1.0" encoding="UTF-8"?>
<!-- Generated by org.testng.reporters.JUnitReportReporter -->
<testsuite hostname="LAPTOP-A5D09V8S" failures="0" tests="1" name="runner.Runner" time="12.277" errors="0" timestamp="2025-07-23T15:01:57 IST" skipped="0">
  <testcase classname="runner.Runner" name="runScenario" time="12.277"/>
</testsuite> <!-- runner.Runner -->
